<?xml version="1.0" encoding="utf-8"?><testsuites name="pytest tests"><testsuite name="pytest" errors="0" failures="0" skipped="0" tests="17" time="3.091" timestamp="2026-02-10T15:24:05.958315+00:00" hostname="agent-env-244042a4-5169-4806-b27c-0211f298fa39"><testcase classname="backend.tests.test_multi_event_system.TestEventsOverview" name="test_get_all_events_grouped" time="0.080" /><testcase classname="backend.tests.test_multi_event_system.TestEventsOverview" name="test_events_have_top_entries" time="0.036" /><testcase classname="backend.tests.test_multi_event_system.TestEventDetailPage" name="test_get_event_by_slug" time="0.032" /><testcase classname="backend.tests.test_multi_event_system.TestEventDetailPage" name="test_event_entries_have_rank_and_gap" time="0.033" /><testcase classname="backend.tests.test_multi_event_system.TestEventDetailPage" name="test_event_not_found" time="0.031" /><testcase classname="backend.tests.test_multi_event_system.TestEventCRUD" name="test_create_event" time="0.329" /><testcase classname="backend.tests.test_multi_event_system.TestEventCRUD" name="test_update_event_status" time="0.431" /><testcase classname="backend.tests.test_multi_event_system.TestEventCRUD" name="test_delete_event" time="0.370" /><testcase classname="backend.tests.test_multi_event_system.TestEventLapEntries" name="test_add_lap_entry_to_event" time="0.361" /><testcase classname="backend.tests.test_multi_event_system.TestEventLapEntries" name="test_add_lap_entry_with_email" time="0.366" /><testcase classname="backend.tests.test_multi_event_system.TestEventLapEntries" name="test_delete_lap_entry_from_event" time="0.394" /><testcase classname="backend.tests.test_multi_event_system.TestQRCodeGeneration" name="test_qr_code_endpoint" time="0.050" /><testcase classname="backend.tests.test_multi_event_system.TestQRCodeGeneration" name="test_qr_code_for_non_existent_event" time="0.035" /><testcase classname="backend.tests.test_multi_event_system.TestCSVExport" name="test_csv_export_endpoint" time="0.350" /><testcase classname="backend.tests.test_multi_event_system.TestCSVExport" name="test_csv_export_requires_auth" time="0.041" /><testcase classname="backend.tests.test_multi_event_system.TestEventURLs" name="test_event_has_unique_slug" time="0.037" /><testcase classname="backend.tests.test_multi_event_system.TestEventURLs" name="test_event_accessible_by_slug" time="0.036" /></testsuite></testsuites>