<?xml version="1.0" encoding="utf-8"?><testsuites name="pytest tests"><testsuite name="pytest" errors="0" failures="0" skipped="0" tests="15" time="2.051" timestamp="2026-02-10T12:43:45.492354+00:00" hostname="agent-env-9d2f22ef-0676-4a22-a834-6e5a38774ad4"><testcase classname="tests.test_f1_features.TestAdminAuth" name="test_has_admin_endpoint" time="0.105" /><testcase classname="tests.test_f1_features.TestAdminAuth" name="test_admin_login_success" time="0.264" /><testcase classname="tests.test_f1_features.TestAdminAuth" name="test_admin_login_invalid_credentials" time="0.034" /><testcase classname="tests.test_f1_features.TestAdminAuth" name="test_auth_check_with_valid_token" time="0.293" /><testcase classname="tests.test_f1_features.TestAdminAuth" name="test_auth_check_without_token" time="0.036" /><testcase classname="tests.test_f1_features.TestDesignSettings" name="test_get_design_settings_public" time="0.037" /><testcase classname="tests.test_f1_features.TestDesignSettings" name="test_update_site_title" time="0.322" /><testcase classname="tests.test_f1_features.TestDesignSettings" name="test_update_favicon_url" time="0.328" /><testcase classname="tests.test_f1_features.TestDesignSettings" name="test_show_badge_setting" time="0.326" /><testcase classname="tests.test_f1_features.TestDesignSettings" name="test_update_design_requires_auth" time="0.035" /><testcase classname="tests.test_f1_features.TestPublicEndpoints" name="test_root_endpoint" time="0.036" /><testcase classname="tests.test_f1_features.TestPublicEndpoints" name="test_get_laps" time="0.034" /><testcase classname="tests.test_f1_features.TestPublicEndpoints" name="test_get_tracks" time="0.032" /><testcase classname="tests.test_f1_features.TestPublicEndpoints" name="test_get_event_status" time="0.030" /><testcase classname="tests.test_f1_features.TestAdminSetupFlow" name="test_setup_endpoint_exists" time="0.034" /></testsuite></testsuites>