<?xml version="1.0" encoding="utf-8"?><testsuites name="pytest tests"><testsuite name="pytest" errors="0" failures="0" skipped="0" tests="18" time="4.282" timestamp="2026-02-10T14:44:31.609984+00:00" hostname="agent-env-244042a4-5169-4806-b27c-0211f298fa39"><testcase classname="backend.tests.test_f1_features.TestAdminAuth" name="test_has_admin_endpoint" time="0.077" /><testcase classname="backend.tests.test_f1_features.TestAdminAuth" name="test_admin_login_success" time="0.259" /><testcase classname="backend.tests.test_f1_features.TestAdminAuth" name="test_admin_login_invalid_credentials" time="0.040" /><testcase classname="backend.tests.test_f1_features.TestAdminAuth" name="test_auth_check_with_valid_token" time="0.306" /><testcase classname="backend.tests.test_f1_features.TestTrackManagement" name="test_get_tracks" time="0.044" /><testcase classname="backend.tests.test_f1_features.TestTrackManagement" name="test_create_track_with_image" time="0.350" /><testcase classname="backend.tests.test_f1_features.TestDesignSettings" name="test_get_design_settings_public" time="0.039" /><testcase classname="backend.tests.test_f1_features.TestDesignSettings" name="test_update_background_image" time="0.338" /><testcase classname="backend.tests.test_f1_features.TestDesignSettings" name="test_update_favicon_url" time="0.367" /><testcase classname="backend.tests.test_f1_features.TestSMTPSettings" name="test_smtp_test_without_config" time="0.340" /><testcase classname="backend.tests.test_f1_features.TestSMTPSettings" name="test_smtp_test_missing_from_email" time="0.336" /><testcase classname="backend.tests.test_f1_features.TestLapEntryWithEmail" name="test_create_lap_entry_with_email" time="0.342" /><testcase classname="backend.tests.test_f1_features.TestLapEntryWithEmail" name="test_create_lap_entry_without_email" time="0.321" /><testcase classname="backend.tests.test_f1_features.TestEventStatus" name="test_get_event_status" time="0.032" /><testcase classname="backend.tests.test_f1_features.TestEventStatus" name="test_update_event_to_active" time="0.325" /><testcase classname="backend.tests.test_f1_features.TestEventStatus" name="test_update_event_to_finished_triggers_email" time="0.323" /><testcase classname="backend.tests.test_f1_features.TestFileUpload" name="test_upload_endpoint_exists" time="0.290" /><testcase classname="backend.tests.test_f1_features.TestFileUpload" name="test_upload_requires_auth" time="0.029" /></testsuite></testsuites>